e:\visual\fork\coursework\cmp105app\x64\debug\vc143.pdb
e:\visual\fork\coursework\cmp105app\x64\debug\vc143.idb
e:\visual\fork\coursework\cmp105app\x64\debug\physics.obj
e:\visual\fork\coursework\cmp105app\x64\debug\menulevel.obj
e:\visual\fork\coursework\cmp105app\x64\debug\vectorhelper.obj
e:\visual\fork\coursework\cmp105app\x64\debug\tilemap.obj
e:\visual\fork\coursework\cmp105app\x64\debug\soundobject.obj
e:\visual\fork\coursework\cmp105app\x64\debug\gameobject.obj
e:\visual\fork\coursework\cmp105app\x64\debug\musicobject.obj
e:\visual\fork\coursework\cmp105app\x64\debug\input.obj
e:\visual\fork\coursework\cmp105app\x64\debug\gamestate.obj
e:\visual\fork\coursework\cmp105app\x64\debug\collision.obj
e:\visual\fork\coursework\cmp105app\x64\debug\baselevel.obj
e:\visual\fork\coursework\cmp105app\x64\debug\audiomanager.obj
e:\visual\fork\coursework\cmp105app\x64\debug\animation.obj
e:\visual\fork\coursework\cmp105app\x64\debug\camera.obj
e:\visual\fork\coursework\cmp105app\x64\debug\enemy.obj
e:\visual\fork\coursework\cmp105app\x64\debug\button.obj
e:\visual\fork\coursework\cmp105app\x64\debug\arrow.obj
e:\visual\fork\coursework\cmp105app\x64\debug\weapongod.obj
e:\visual\fork\coursework\cmp105app\x64\debug\ui.obj
e:\visual\fork\coursework\cmp105app\x64\debug\swordswing.obj
e:\visual\fork\coursework\cmp105app\x64\debug\sword.obj
e:\visual\fork\coursework\cmp105app\x64\debug\projectilegod.obj
e:\visual\fork\coursework\cmp105app\x64\debug\treats.obj
e:\visual\fork\coursework\cmp105app\x64\debug\shotgun.obj
e:\visual\fork\coursework\cmp105app\x64\debug\player.obj
e:\visual\fork\coursework\cmp105app\x64\debug\main.obj
e:\visual\fork\coursework\cmp105app\x64\debug\level.obj
e:\visual\fork\coursework\cmp105app\x64\debug\aicompanion.obj
e:\visual\fork\coursework\cmp105app\x64\debug\attackradius.obj
e:\visual\fork\coursework\cmp105app\x64\debug\tree.obj
e:\visual\fork\coursework\cmp105app\x64\debug\level2.obj
e:\visual\fork\coursework\x64\debug\cmp105app.exe
e:\visual\fork\coursework\x64\debug\cmp105app.pdb
e:\visual\fork\coursework\cmp105app\x64\debug\cmp105app.ilk
e:\visual\fork\coursework\cmp105app\x64\debug\aicompanion.obj.enc
e:\visual\fork\coursework\cmp105app\x64\debug\level.obj.enc
e:\visual\fork\coursework\cmp105app\x64\debug\level2.obj.enc
e:\visual\fork\coursework\cmp105app\x64\debug\cmp105app.tlog\cl.command.1.tlog
e:\visual\fork\coursework\cmp105app\x64\debug\cmp105app.tlog\cl.items.tlog
e:\visual\fork\coursework\cmp105app\x64\debug\cmp105app.tlog\cl.read.1.tlog
e:\visual\fork\coursework\cmp105app\x64\debug\cmp105app.tlog\cl.write.1.tlog
e:\visual\fork\coursework\cmp105app\x64\debug\cmp105app.tlog\link.command.1.tlog
e:\visual\fork\coursework\cmp105app\x64\debug\cmp105app.tlog\link.read.1.tlog
e:\visual\fork\coursework\cmp105app\x64\debug\cmp105app.tlog\link.secondary.1.tlog
e:\visual\fork\coursework\cmp105app\x64\debug\cmp105app.tlog\link.write.1.tlog
